Using pre-set license
Built from '2020.3/staging' branch; Version is '2020.3.33f1 (915a7af8b0d5) revision 9525882'; Using compiler version '192528614'; Build Type 'Release'
OS: 'Windows 11  (10.0.22000) 64bit Core' Language: 'en' Physical Memory: 16218 MB
BatchMode: 1, IsHumanControllingUs: 0, StartBugReporterOnCrash: 0, Is64bit: 1, IsPro: 0

COMMAND LINE ARGUMENTS:
C:\Program Files\Unity\Hub\Editor\2020.3.33f1\Editor\Unity.exe
-adb2
-batchMode
-noUpm
-name
AssetImportWorker0
-projectPath
C:/Users/sheld/Documents/CodingStuff/1610Spring2022/Personal Project/Personal Metroidvania Project
-logFile
Logs/AssetImportWorker0.log
-srvPort
62377
Successfully changed project path to: C:/Users/sheld/Documents/CodingStuff/1610Spring2022/Personal Project/Personal Metroidvania Project
C:/Users/sheld/Documents/CodingStuff/1610Spring2022/Personal Project/Personal Metroidvania Project
Using Asset Import Pipeline V2.
Refreshing native plugins compatible for Editor in 99.75 ms, found 3 plugins.
Preloading 0 native plugins for Editor in 0.00 ms.
Initialize engine version: 2020.3.33f1 (915a7af8b0d5)
[Subsystems] Discovering subsystems at path C:/Program Files/Unity/Hub/Editor/2020.3.33f1/Editor/Data/Resources/UnitySubsystems
[Subsystems] Discovering subsystems at path C:/Users/sheld/Documents/CodingStuff/1610Spring2022/Personal Project/Personal Metroidvania Project/Assets
GfxDevice: creating device client; threaded=0
Direct3D:
    Version:  Direct3D 11.0 [level 11.1]
    Renderer: Intel(R) Iris(R) Xe Graphics (ID=0x9a49)
    Vendor:   
    VRAM:     8109 MB
    Driver:   27.20.100.9624
Initialize mono
Mono path[0] = 'C:/Program Files/Unity/Hub/Editor/2020.3.33f1/Editor/Data/Managed'
Mono path[1] = 'C:/Program Files/Unity/Hub/Editor/2020.3.33f1/Editor/Data/MonoBleedingEdge/lib/mono/unityjit'
Mono config path = 'C:/Program Files/Unity/Hub/Editor/2020.3.33f1/Editor/Data/MonoBleedingEdge/etc'
Using monoOptions --debugger-agent=transport=dt_socket,embedding=1,server=y,suspend=n,address=127.0.0.1:56288
Begin MonoManager ReloadAssembly
Registering precompiled unity dll's ...
Register platform support module: C:/Program Files/Unity/Hub/Editor/2020.3.33f1/Editor/Data/PlaybackEngines/WindowsStandaloneSupport/UnityEditor.WindowsStandalone.Extensions.dll
Registered in 0.001626 seconds.
Native extension for WindowsStandalone target not found
Refreshing native plugins compatible for Editor in 125.86 ms, found 3 plugins.
Preloading 0 native plugins for Editor in 0.00 ms.
Mono: successfully reloaded assembly
- Completed reload, in  0.867 seconds
Domain Reload Profiling:
	ReloadAssembly (867ms)
		BeginReloadAssembly (79ms)
			ExecutionOrderSort (0ms)
			DisableScriptedObjects (0ms)
			BackupInstance (0ms)
			ReleaseScriptingObjects (0ms)
			CreateAndSetChildDomain (2ms)
		EndReloadAssembly (716ms)
			LoadAssemblies (75ms)
			RebuildTransferFunctionScriptingTraits (0ms)
			SetupTypeCache (159ms)
			ReleaseScriptCaches (0ms)
			RebuildScriptCaches (67ms)
			SetupLoadedEditorAssemblies (330ms)
				LogAssemblyErrors (0ms)
				InitializePlatformSupportModulesInManaged (8ms)
				SetLoadedEditorAssemblies (0ms)
				RefreshPlugins (126ms)
				BeforeProcessingInitializeOnLoad (31ms)
				ProcessInitializeOnLoadAttributes (125ms)
				ProcessInitializeOnLoadMethodAttributes (40ms)
				AfterProcessingInitializeOnLoad (0ms)
				EditorAssembliesLoaded (0ms)
			ExecutionOrderSort2 (0ms)
			AwakeInstancesAfterBackupRestoration (0ms)
Platform modules already initialized, skipping
Registering precompiled user dll's ...
Registered in 0.002845 seconds.
Begin MonoManager ReloadAssembly
Symbol file LoadedFromMemory doesn't match image C:\Users\sheld\Documents\CodingStuff\1610Spring2022\Personal Project\Personal Metroidvania Project\Library\PackageCache\com.unity.collab-proxy@1.15.15\Lib\Editor\PlasticSCM\unityplastic.dll
Native extension for WindowsStandalone target not found
Refreshing native plugins compatible for Editor in 110.94 ms, found 3 plugins.
Preloading 0 native plugins for Editor in 0.00 ms.
Mono: successfully reloaded assembly
- Completed reload, in  1.445 seconds
Domain Reload Profiling:
	ReloadAssembly (1446ms)
		BeginReloadAssembly (170ms)
			ExecutionOrderSort (0ms)
			DisableScriptedObjects (5ms)
			BackupInstance (0ms)
			ReleaseScriptingObjects (0ms)
			CreateAndSetChildDomain (27ms)
		EndReloadAssembly (1218ms)
			LoadAssemblies (93ms)
			RebuildTransferFunctionScriptingTraits (0ms)
			SetupTypeCache (422ms)
			ReleaseScriptCaches (1ms)
			RebuildScriptCaches (53ms)
			SetupLoadedEditorAssemblies (441ms)
				LogAssemblyErrors (0ms)
				InitializePlatformSupportModulesInManaged (7ms)
				SetLoadedEditorAssemblies (0ms)
				RefreshPlugins (111ms)
				BeforeProcessingInitializeOnLoad (95ms)
				ProcessInitializeOnLoadAttributes (205ms)
				ProcessInitializeOnLoadMethodAttributes (19ms)
				AfterProcessingInitializeOnLoad (4ms)
				EditorAssembliesLoaded (0ms)
			ExecutionOrderSort2 (0ms)
			AwakeInstancesAfterBackupRestoration (5ms)
Platform modules already initialized, skipping
========================================================================
Worker process is ready to serve import requests
Launched and connected shader compiler UnityShaderCompiler.exe after 0.06 seconds
Refreshing native plugins compatible for Editor in 0.61 ms, found 3 plugins.
Preloading 0 native plugins for Editor in 0.00 ms.
Unloading 2220 Unused Serialized files (Serialized files now loaded: 0)
System memory in use before: 100.4 MB.
System memory in use after: 100.3 MB.

Unloading 31 unused Assets to reduce memory usage. Loaded Objects now: 2653.
Total: 3.602600 ms (FindLiveObjects: 0.460200 ms CreateObjectMapping: 0.113800 ms MarkObjects: 2.854200 ms  DeleteObjects: 0.172700 ms)

AssetImportParameters requested are different than current active one (requested -> active):
  custom:framework-win-MediaFoundation: 216162199b28c13a410421893ffa2e32 -> 
  custom:video-decoder-ogg-theora: a1e56fd34408186e4bbccfd4996cb3dc -> 
  custom:container-muxer-webm: aa71ff27fc2769a1b78a27578f13a17b -> 
  custom:container-demuxer-webm: 4f35f7cbe854078d1ac9338744f61a02 -> 
  custom:container-demuxer-ogg: 62fdf1f143b41e24485cea50d1cbac27 -> 
  custom:video-encoder-webm-vp8: eb34c28f22e8b96e1ab97ce403110664 -> 
  custom:video-codec-MediaFoundation-h265: 746d11721c4dcdbdad8f713fa42b33f4 -> 
  custom:video-decoder-webm-vp8: 9c59270c3fd7afecdb556c50c9e8de78 -> 
  custom:audio-decoder-ogg-vorbis: bf7c407c2cedff20999df2af8eb42d56 -> 
  custom:audio-encoder-webm-vorbis: bf7c407c2cedff20999df2af8eb42d56 -> 
========================================================================
Received Import Request.
  path: Assets/AnimuzAssets/gothicvania patreon collection/Hell-Beast-Files/PNG/with-stroke
  artifactKey: Guid(a141e38d33029c44cb9af19e3523686c) Importer(815301076,1909f56bfc062723c751e8b465ee728b)
Start importing Assets/AnimuzAssets/gothicvania patreon collection/Hell-Beast-Files/PNG/with-stroke using Guid(a141e38d33029c44cb9af19e3523686c) Importer(815301076,1909f56bfc062723c751e8b465ee728b)  -> (artifact id: '2db5d4b66ab46241c88ea9e7fdbc7038') in 0.010815 seconds 
========================================================================
Received Import Request.
  Time since last request: 109.609563 seconds.
  path: Assets/AnimuzAssets/gothicvania patreon collection/Hell-Beast-Files/PNG/without-stroke/hell-beast-idle.png
  artifactKey: Guid(3173edde4994a464496e41fa6ecaf051) Importer(815301076,1909f56bfc062723c751e8b465ee728b)
Start importing Assets/AnimuzAssets/gothicvania patreon collection/Hell-Beast-Files/PNG/without-stroke/hell-beast-idle.png using Guid(3173edde4994a464496e41fa6ecaf051) Importer(815301076,1909f56bfc062723c751e8b465ee728b)  -> (artifact id: 'a0f8e86e41f40b7b5ea3b3a8ec41deff') in 0.085048 seconds 
========================================================================
Received Import Request.
  Time since last request: 10.755341 seconds.
  path: Assets/AnimuzAssets/gothicvania patreon collection/Hell-Beast-Files/PNG/without-stroke/hell-beast-idle.png
  artifactKey: Guid(3173edde4994a464496e41fa6ecaf051) Importer(815301076,1909f56bfc062723c751e8b465ee728b)
Start importing Assets/AnimuzAssets/gothicvania patreon collection/Hell-Beast-Files/PNG/without-stroke/hell-beast-idle.png using Guid(3173edde4994a464496e41fa6ecaf051) Importer(815301076,1909f56bfc062723c751e8b465ee728b)  -> (artifact id: 'ebba38035b130ef29cd169ea46836e82') in 0.101579 seconds 
========================================================================
Received Import Request.
  Time since last request: 322.016108 seconds.
  path: Assets/AnimuzAssets/gothicvania patreon collection/Hell-Beast-Files/PNG/without-stroke/hell-beast-breath.png
  artifactKey: Guid(14f25f1aeb90fa642b9e3120346c8f0b) Importer(815301076,1909f56bfc062723c751e8b465ee728b)
Start importing Assets/AnimuzAssets/gothicvania patreon collection/Hell-Beast-Files/PNG/without-stroke/hell-beast-breath.png using Guid(14f25f1aeb90fa642b9e3120346c8f0b) Importer(815301076,1909f56bfc062723c751e8b465ee728b)  -> (artifact id: '1c7610c3226b6edadd7ee4199c001735') in 0.026692 seconds 
========================================================================
Received Import Request.
  Time since last request: 12.008575 seconds.
  path: Assets/AnimuzAssets/gothicvania patreon collection/Hell-Beast-Files/PNG/without-stroke/hell-beast-breath.png
  artifactKey: Guid(14f25f1aeb90fa642b9e3120346c8f0b) Importer(815301076,1909f56bfc062723c751e8b465ee728b)
Start importing Assets/AnimuzAssets/gothicvania patreon collection/Hell-Beast-Files/PNG/without-stroke/hell-beast-breath.png using Guid(14f25f1aeb90fa642b9e3120346c8f0b) Importer(815301076,1909f56bfc062723c751e8b465ee728b)  -> (artifact id: '42735add4b0924374d9c94180fa86b76') in 0.048842 seconds 
========================================================================
Received Import Request.
  Time since last request: 164.248633 seconds.
  path: Assets/AnimuzAssets/gothicvania patreon collection/Hell-Beast-Files/PNG/without-stroke/hell-beast-burn.png
  artifactKey: Guid(34fecd628eb29284f9af78dc9f8e7ec2) Importer(815301076,1909f56bfc062723c751e8b465ee728b)
Start importing Assets/AnimuzAssets/gothicvania patreon collection/Hell-Beast-Files/PNG/without-stroke/hell-beast-burn.png using Guid(34fecd628eb29284f9af78dc9f8e7ec2) Importer(815301076,1909f56bfc062723c751e8b465ee728b)  -> (artifact id: '75f08c1e28fc81e01b0516814beed204') in 0.021035 seconds 
========================================================================
Received Import Request.
  Time since last request: 39.213473 seconds.
  path: Assets/AnimuzAssets/gothicvania patreon collection/Hell-Beast-Files/PNG/without-stroke/hell-beast-burn.png
  artifactKey: Guid(34fecd628eb29284f9af78dc9f8e7ec2) Importer(815301076,1909f56bfc062723c751e8b465ee728b)
Start importing Assets/AnimuzAssets/gothicvania patreon collection/Hell-Beast-Files/PNG/without-stroke/hell-beast-burn.png using Guid(34fecd628eb29284f9af78dc9f8e7ec2) Importer(815301076,1909f56bfc062723c751e8b465ee728b)  -> (artifact id: '76f6e26ce5701ec5785bca96b834349e') in 0.048476 seconds 
========================================================================
Received Import Request.
  Time since last request: 502.258746 seconds.
  path: Assets/Animations/EnemyAnimations/DemonAnimations/DemonSprite.controller
  artifactKey: Guid(a0dbffb8d005b1e4eb5afd82b3e0ffb7) Importer(815301076,1909f56bfc062723c751e8b465ee728b)
Start importing Assets/Animations/EnemyAnimations/DemonAnimations/DemonSprite.controller using Guid(a0dbffb8d005b1e4eb5afd82b3e0ffb7) Importer(815301076,1909f56bfc062723c751e8b465ee728b)  -> (artifact id: '1bb079655bf4d85ac32f75378b952525') in 0.022663 seconds 
AssetImportWorkerClient::OnTransportError - code=2 error=End of file
